{
  "RSpec": {
    "coverage": {
      "/Users/matthewcampbell/Sites/code/flatiron/flatiron-homework/amoeba-circus/app/controllers/acts_controller.rb": [
        1,
        1,
        null,
        null,
        null,
        1,
        2,
        null,
        null,
        null,
        null,
        1,
        null,
        null,
        null,
        1,
        1,
        null,
        null,
        null,
        1,
        null,
        null,
        null,
        null,
        1,
        5,
        null,
        5,
        5,
        6,
        3,
        null,
        4,
        2,
        null,
        null,
        null,
        null,
        null,
        null,
        1,
        5,
        5,
        4,
        2,
        null,
        6,
        3,
        null,
        null,
        null,
        null,
        null,
        null,
        1,
        2,
        2,
        4,
        2,
        null,
        null,
        null,
        1,
        null,
        1,
        9,
        null,
        null,
        null,
        1,
        10,
        null,
        null
      ],
      "/Users/matthewcampbell/Sites/code/flatiron/flatiron-homework/amoeba-circus/app/controllers/application_controller.rb": [
        1,
        null,
        null,
        1,
        null
      ],
      "/Users/matthewcampbell/Sites/code/flatiron/flatiron-homework/amoeba-circus/app/controllers/amoebas_controller.rb": [
        1,
        1,
        null,
        null,
        null,
        1,
        2,
        null,
        null,
        null,
        null,
        1,
        null,
        null,
        null,
        1,
        1,
        null,
        null,
        null,
        1,
        null,
        null,
        null,
        null,
        1,
        5,
        null,
        5,
        5,
        6,
        3,
        null,
        4,
        2,
        null,
        null,
        null,
        null,
        null,
        null,
        1,
        5,
        5,
        4,
        2,
        null,
        6,
        3,
        null,
        null,
        null,
        null,
        null,
        null,
        1,
        2,
        2,
        4,
        2,
        null,
        null,
        null,
        1,
        null,
        1,
        9,
        null,
        null,
        null,
        1,
        10,
        null,
        null
      ],
      "/Users/matthewcampbell/Sites/code/flatiron/flatiron-homework/amoeba-circus/app/models/act.rb": [
        1,
        1,
        1,
        1,
        null
      ],
      "/Users/matthewcampbell/Sites/code/flatiron/flatiron-homework/amoeba-circus/app/models/amoeba_act.rb": [
        1,
        1,
        1,
        null
      ],
      "/Users/matthewcampbell/Sites/code/flatiron/flatiron-homework/amoeba-circus/app/models/amoeba.rb": [
        1,
        1,
        1,
        1,
        null
      ],
      "/Users/matthewcampbell/Sites/code/flatiron/flatiron-homework/amoeba-circus/app/models/talent.rb": [
        1,
        1,
        null
      ]
    },
    "timestamp": 1384120941
  }
}
